<?xml version="1.0" encoding="UTF-8"?>
<!-- Generated by org.testng.reporters.JUnitReportReporter -->
<testsuite hostname="heba-abdelaziz" failures="0" tests="2" name="POM_Assignment" time="13.930" errors="0" timestamp="2023-12-04T12:57:25 EET" skipped="0">
  <testcase classname="POM_Assignment" name="testSearchGiza" time="8.304"/>
  <testcase classname="POM_Assignment" name="testSearchSelenium" time="5.626"/>
</testsuite> <!-- POM_Assignment -->
