<?xml version="1.0" encoding="UTF-8"?>
<!-- Generated by org.testng.reporters.JUnitReportReporter -->
<testsuite hostname="heba-abdelaziz" failures="0" tests="2" name="SeleniumTestNGDemo" time="26.838" errors="0" timestamp="2023-12-03T17:19:51 EET" skipped="0">
  <testcase classname="SeleniumTestNGDemo" name="testSearchGiza" time="13.946"/>
  <testcase classname="SeleniumTestNGDemo" name="testSearchSelenium" time="12.892"/>
</testsuite> <!-- SeleniumTestNGDemo -->
